{"level":"info","message":"Método: POST | URL: /api/auth/lender/register | Estado: 500","timestamp":"2024-09-22T04:59:43.451Z"}
{"error":"Lender validation failed: password: Path `password` is required., email: Path `email` is required., phone: Path `phone` is required., birthDate: Path `birthDate` is required., identification: Path `identification` is required., lastName: Path `lastName` is required., name: Path `name` is required.","level":"error","message":"Error al registrar usuario","timestamp":"2024-09-22T05:18:37.033Z"}
{"level":"info","message":"Método: POST | URL: /lender/register | Estado: 500","timestamp":"2024-09-22T05:18:37.044Z"}
{"error":"Lender validation failed: password: Path `password` is required., email: Path `email` is required., phone: Path `phone` is required., birthDate: Path `birthDate` is required., identification: Path `identification` is required., lastName: Path `lastName` is required., name: Path `name` is required.","level":"error","message":"Error al registrar usuario","timestamp":"2024-09-22T05:19:49.713Z"}
{"level":"info","message":"Método: POST | URL: /lender/register | Estado: 500","timestamp":"2024-09-22T05:19:49.725Z"}
{"error":"Lender validation failed: password: Path `password` is required., email: Path `email` is required., phone: Path `phone` is required., birthDate: Path `birthDate` is required., identification: Path `identification` is required., lastName: Path `lastName` is required., name: Path `name` is required.","level":"error","message":"Error al registrar usuario","timestamp":"2024-09-22T05:23:28.557Z"}
{"level":"info","message":"Método: POST | URL: /lender/register | Estado: 500","timestamp":"2024-09-22T05:23:28.573Z"}
{"error":"Lender validation failed: password: Path `password` is required., email: Path `email` is required., phone: Path `phone` is required., birthDate: Path `birthDate` is required., identification: Path `identification` is required., lastName: Path `lastName` is required., name: Path `name` is required.","level":"error","message":"Error al registrar usuario","timestamp":"2024-09-22T05:24:07.189Z"}
{"level":"info","message":"Método: POST | URL: /lender/register | Estado: 500","timestamp":"2024-09-22T05:24:07.206Z"}
{"error":"Lender validation failed: password: Path `password` is required., email: Path `email` is required., phone: Path `phone` is required., birthDate: Path `birthDate` is required., identification: Path `identification` is required., lastName: Path `lastName` is required., name: Path `name` is required.","level":"error","message":"Error al registrar usuario","timestamp":"2024-09-22T05:24:29.565Z"}
{"level":"info","message":"Método: POST | URL: /lender/register | Estado: 500","timestamp":"2024-09-22T05:24:29.576Z"}
{"_birthDate":"2000-01-01","_email":"juan.perez@example.com","_identification":"123456789","_lastName":"Pérez","_name":"Juan","_password":"Contraseña@123","_phone":"3123456789","level":"info","message":"Datos del user:","timestamp":"2024-09-22T05:27:00.060Z"}
{"error":"Lender validation failed: password: Path `password` is required., email: Path `email` is required., phone: Path `phone` is required., birthDate: Path `birthDate` is required., identification: Path `identification` is required., lastName: Path `lastName` is required., name: Path `name` is required.","level":"error","message":"Error al registrar usuario","timestamp":"2024-09-22T05:27:00.172Z"}
{"level":"info","message":"Método: POST | URL: /lender/register | Estado: 500","timestamp":"2024-09-22T05:27:00.179Z"}
{"_birthDate":"2000-01-01","_email":"juan.perez@example.com","_identification":"123456789","_lastName":"Pérez","_name":"Juan","_password":"Contraseña@123","_phone":"3123456789","level":"info","message":"Datos del user:","timestamp":"2024-09-22T05:28:26.707Z"}
{"error":"Lender validation failed: password: Path `password` is required., email: Path `email` is required., phone: Path `phone` is required., birthDate: Path `birthDate` is required., identification: Path `identification` is required., lastName: Path `lastName` is required., name: Path `name` is required.","level":"error","message":"Error al registrar usuario","timestamp":"2024-09-22T05:28:26.902Z"}
{"level":"info","message":"Método: POST | URL: /lender/register | Estado: 500","timestamp":"2024-09-22T05:28:26.915Z"}
{"_birthDate":"2000-01-01","_email":"juan.perez@example.com","_identification":"123456789","_lastName":"Pérez","_name":"Juan","_password":"Contraseña@123","_phone":"3123456789","level":"info","message":"Datos del userDto:","timestamp":"2024-09-22T05:29:33.459Z"}
{"error":"Lender validation failed: password: Path `password` is required., email: Path `email` is required., phone: Path `phone` is required., birthDate: Path `birthDate` is required., identification: Path `identification` is required., lastName: Path `lastName` is required., name: Path `name` is required.","level":"error","message":"Error al registrar usuario","timestamp":"2024-09-22T05:29:33.578Z"}
{"level":"info","message":"Método: POST | URL: /lender/register | Estado: 500","timestamp":"2024-09-22T05:29:33.586Z"}
{"_birthDate":"2000-01-01","_email":"juan.perez@example.com","_identification":"123456789","_lastName":"Pérez","_name":"Juan","_password":"Contraseña@123","_phone":"3123456789","level":"info","message":"Datos del userDto:","timestamp":"2024-09-22T05:30:27.627Z"}
{"error":"Lender validation failed: password: Path `password` is required., email: Path `email` is required., phone: Path `phone` is required., birthDate: Path `birthDate` is required., identification: Path `identification` is required., lastName: Path `lastName` is required., name: Path `name` is required.","level":"error","message":"Error al registrar usuario","timestamp":"2024-09-22T05:30:27.791Z"}
{"level":"info","message":"Método: POST | URL: /lender/register | Estado: 500","timestamp":"2024-09-22T05:30:27.806Z"}
{"_birthDate":"2000-01-01","_email":"juan.perez@example.com","_identification":"123456789","_lastName":"Pérez","_name":"Juan","_password":"Contraseña@123","_phone":"3123456789","level":"info","message":"Datos del userDto:","timestamp":"2024-09-22T05:31:20.741Z"}
{"error":"Lender validation failed: password: Path `password` is required., email: Path `email` is required., phone: Path `phone` is required., birthDate: Path `birthDate` is required., identification: Path `identification` is required., lastName: Path `lastName` is required., name: Path `name` is required.","level":"error","message":"Error al registrar usuario","timestamp":"2024-09-22T05:31:20.888Z"}
{"level":"info","message":"Método: POST | URL: /lender/register | Estado: 500","timestamp":"2024-09-22T05:31:20.900Z"}
{"_birthDate":"2000-01-01","_email":"juan.perez@example.com","_identification":"123456789","_lastName":"Pérez","_name":"Juan","_password":"Contraseña@123","_phone":"3123456789","level":"info","message":"Datos del userDto:","timestamp":"2024-09-22T05:33:25.803Z"}
{"email":"juan.perez@example.com","level":"info","message":"Usuario creado exitosamente","timestamp":"2024-09-22T05:33:25.999Z"}
{"level":"info","message":"Método: POST | URL: /lender/register | Estado: 201","timestamp":"2024-09-22T05:33:26.012Z"}
{"_birthDate":"2000-01-01","_email":"juan.perez@example.com","_identification":"123456789","_lastName":"Pérez","_name":"Juan","_password":"Contraseña@123","_phone":"3123456789","level":"info","message":"Datos del userDto:","timestamp":"2024-09-22T05:34:30.583Z"}
{"error":"E11000 duplicate key error collection: auth-service.lenders index: identification_1 dup key: { identification: null }","level":"error","message":"Error al registrar usuario","timestamp":"2024-09-22T05:34:30.704Z"}
{"level":"info","message":"Método: POST | URL: /lender/register | Estado: 500","timestamp":"2024-09-22T05:34:30.708Z"}
{"_birthDate":"2000-01-01","_email":"juan.perez@example.com","_identification":"123456789","_lastName":"Pérez","_name":"Juan","_password":"Contraseña@123","_phone":"3123456789","level":"info","message":"Datos del userDto:","timestamp":"2024-09-22T05:35:06.262Z"}
{"error":"E11000 duplicate key error collection: auth-service.lenders index: identification_1 dup key: { identification: null }","level":"error","message":"Error al registrar usuario","timestamp":"2024-09-22T05:35:06.511Z"}
{"level":"info","message":"Método: POST | URL: /lender/register | Estado: 500","timestamp":"2024-09-22T05:35:06.525Z"}
{"_birthDate":"2000-01-01","_email":"juan.perez@example.com","_identification":"123456789","_lastName":"Pérez","_name":"Juan","_password":"Contraseña@123","_phone":"3123456789","level":"info","message":"Datos del userDto:","timestamp":"2024-09-22T05:38:56.577Z"}
{"error":"E11000 duplicate key error collection: auth-service.lenders index: identification_1 dup key: { identification: null }","level":"error","message":"Error al registrar usuario","timestamp":"2024-09-22T05:38:56.701Z"}
{"level":"info","message":"Método: POST | URL: /lender/register | Estado: 500","timestamp":"2024-09-22T05:38:56.710Z"}
{"_birthDate":"2000-01-01","_email":"juan.perez@example.com","_identification":"123456789","_lastName":"Pérez","_name":"Juan","_password":"Contraseña@123","_phone":"3123456789","level":"info","message":"Datos del userDto:","timestamp":"2024-09-22T05:39:55.907Z"}
{"error":"El usuario ya existe","level":"error","message":"Error al registrar usuario","timestamp":"2024-09-22T05:39:55.936Z"}
{"level":"info","message":"Método: POST | URL: /lender/register | Estado: 500","timestamp":"2024-09-22T05:39:55.947Z"}
{"level":"info","message":"Método: GET | URL: /api/auth | Estado: 500","timestamp":"2024-09-22T05:50:14.291Z"}
{"level":"info","message":"Método: GET | URL: / | Estado: 500","timestamp":"2024-09-22T06:01:06.494Z"}
{"level":"info","message":"Método: GET | URL: /favicon.ico | Estado: 500","timestamp":"2024-09-22T06:01:07.528Z"}
{"level":"info","message":"Método: GET | URL: /api/auth/lender/register | Estado: 500","timestamp":"2024-09-22T06:41:32.058Z"}
{"level":"info","message":"Método: GET | URL: /favicon.ico | Estado: 500","timestamp":"2024-09-22T06:41:33.122Z"}
{"level":"info","message":"Método: GET | URL: /api/auth/lender/register | Estado: 500","timestamp":"2024-09-22T06:49:13.326Z"}
{"level":"info","message":"Método: GET | URL: /favicon.ico | Estado: 500","timestamp":"2024-09-22T06:49:14.200Z"}
{"_birthDate":"2000-01-01","_email":"juan.perez@example.com","_identification":"123456789","_lastName":"Pérez","_name":"Juan","_password":"Contraseña@123","_phone":"3123456789","level":"info","message":"Datos del userDto:","timestamp":"2024-09-22T07:24:05.831Z"}
{"error":"El usuario ya existe","level":"error","message":"Error al registrar usuario","timestamp":"2024-09-22T07:24:05.864Z"}
{"level":"info","message":"Método: POST | URL: /lender/register | Estado: 500","timestamp":"2024-09-22T07:24:05.873Z"}
{"errors":[{"location":"body","msg":"El nombre debe tener al menos 3 caracteres","path":"name","type":"field"},{"location":"body","msg":"El nombre no puede estar vacío","path":"name","type":"field"},{"location":"body","msg":"El apellido debe tener al menos 3 caracteres","path":"lastName","type":"field"},{"location":"body","msg":"El apellido no puede estar vacío","path":"lastName","type":"field"},{"location":"body","msg":"La identificación debe tener al menos 3 caracteres","path":"identification","type":"field"},{"location":"body","msg":"La identificación debe ser numérica y tener al menos 3 caracteres","path":"identification","type":"field"},{"location":"body","msg":"La identificación no puede estar vacía","path":"identification","type":"field"},{"location":"body","msg":"La fecha de nacimiento no es válida","path":"birthDate","type":"field"},{"location":"body","msg":"La fecha de nacimiento no puede estar vacía","path":"birthDate","type":"field"},{"location":"body","msg":"El teléfono debe tener 10 dígitos y comenzar con 3","path":"phone","type":"field"},{"location":"body","msg":"El número de teléfono no puede estar vacío","path":"phone","type":"field"},{"location":"body","msg":"El email no es válido","path":"email","type":"field"},{"location":"body","msg":"El email no puede estar vacío","path":"email","type":"field"},{"location":"body","msg":"La contraseña debe tener al menos 8 caracteres","path":"password","type":"field"},{"location":"body","msg":"La contraseña no puede estar vacía","path":"password","type":"field"},{"location":"body","msg":"La contraseña debe tener al menos una letra mayúscula, una letra minúscula, un número y un carácter especial","path":"password","type":"field"}],"level":"warn","message":"Validación fallida","timestamp":"2024-09-22T07:32:21.783Z"}
{"level":"info","message":"Método: POST | URL: /lender/register | Estado: 400","timestamp":"2024-09-22T07:32:21.799Z"}
{"_birthDate":"2000-01-01","_email":"juan.perez@example.com","_identification":"123456789","_lastName":"Pérez","_name":"Juan","_password":"Contraseña@123","_phone":"3123456789","level":"info","message":"Datos del userDto:","timestamp":"2024-09-22T07:32:32.577Z"}
{"error":"El usuario ya existe","level":"error","message":"Error al registrar usuario","timestamp":"2024-09-22T07:32:32.599Z"}
{"level":"info","message":"Método: POST | URL: /lender/register | Estado: 500","timestamp":"2024-09-22T07:32:32.601Z"}
{"_birthDate":"2000-01-01","_email":"juan.perez@example.com","_identification":"123456789","_lastName":"Pérez","_name":"Juan","_password":"Contraseña@123","_phone":"3123456789","level":"info","message":"Datos del userDto:","timestamp":"2024-09-22T19:06:01.338Z"}
{"error":"El usuario ya existe","level":"error","message":"Error al registrar usuario","timestamp":"2024-09-22T19:06:01.356Z"}
{"level":"info","message":"Método: POST | URL: /lender/register | Estado: 500","timestamp":"2024-09-22T19:06:01.364Z"}
{"_birthDate":"2000-01-01","_email":"juan.perez@example.com","_identification":"123456789","_lastName":"Pérez","_name":"Juan","_password":"Contraseña@123","_phone":"3123456789","level":"info","message":"Datos del userDto:","timestamp":"2024-09-22T19:07:29.382Z"}
{"error":"El usuario ya existe","level":"error","message":"Error al registrar usuario","timestamp":"2024-09-22T19:07:29.388Z"}
{"level":"info","message":"Método: POST | URL: /lender/register | Estado: 500","timestamp":"2024-09-22T19:07:29.389Z"}
{"_birthDate":"2000-01-01","_email":"juan.perez@example.com","_identification":"123456789","_lastName":"Pérez","_name":"Juan","_password":"Contraseña@123","_phone":"3123456789","level":"info","message":"Datos del userDto:","timestamp":"2024-09-22T19:15:35.166Z"}
{"error":"El usuario ya existe","level":"error","message":"Error al registrar usuario","timestamp":"2024-09-22T19:15:35.172Z"}
{"level":"info","message":"Método: POST | URL: /lender/register | Estado: 500","timestamp":"2024-09-22T19:15:35.174Z"}
{"_birthDate":"2000-01-01","_email":"Carlosperea@example.com","_identification":"123456711","_lastName":"perea","_name":"Carlos","_password":"Contraseña@123","_phone":"3123456789","level":"info","message":"Datos del userDto:","timestamp":"2024-09-22T19:16:14.409Z"}
{"error":"E11000 duplicate key error collection: auth-service.lenders index: identification_1 dup key: { identification: null }","level":"error","message":"Error al registrar usuario","timestamp":"2024-09-22T19:16:14.507Z"}
{"level":"info","message":"Método: POST | URL: /lender/register | Estado: 500","timestamp":"2024-09-22T19:16:14.509Z"}
{"_birthDate":"2000-01-01","_email":"Carlosperea@example.com","_identification":"1234561120","_lastName":"perea","_name":"Carlos","_password":"Contraseña@123","_phone":"3123456789","level":"info","message":"Datos del userDto:","timestamp":"2024-09-22T19:16:28.119Z"}
{"error":"E11000 duplicate key error collection: auth-service.lenders index: identification_1 dup key: { identification: null }","level":"error","message":"Error al registrar usuario","timestamp":"2024-09-22T19:16:28.206Z"}
{"level":"info","message":"Método: POST | URL: /lender/register | Estado: 500","timestamp":"2024-09-22T19:16:28.208Z"}
{"_birthDate":"2000-01-01","_email":"Carlosperea@example.com","_identification":"890824312","_lastName":"perea","_name":"Carlos","_password":"Contraseña@123","_phone":"3123456789","level":"info","message":"Datos del userDto:","timestamp":"2024-09-22T19:16:45.032Z"}
{"error":"E11000 duplicate key error collection: auth-service.lenders index: identification_1 dup key: { identification: null }","level":"error","message":"Error al registrar usuario","timestamp":"2024-09-22T19:16:45.114Z"}
{"level":"info","message":"Método: POST | URL: /lender/register | Estado: 500","timestamp":"2024-09-22T19:16:45.116Z"}
{"errors":[{"location":"body","msg":"El nombre debe tener al menos 3 caracteres","path":"name","type":"field"},{"location":"body","msg":"El nombre no puede estar vacío","path":"name","type":"field"},{"location":"body","msg":"El apellido debe tener al menos 3 caracteres","path":"lastName","type":"field"},{"location":"body","msg":"El apellido no puede estar vacío","path":"lastName","type":"field"},{"location":"body","msg":"La identificación debe tener al menos 3 caracteres","path":"identification","type":"field"},{"location":"body","msg":"La identificación debe ser numérica y tener al menos 3 caracteres","path":"identification","type":"field"},{"location":"body","msg":"La identificación no puede estar vacía","path":"identification","type":"field"},{"location":"body","msg":"La fecha de nacimiento no es válida","path":"birthDate","type":"field"},{"location":"body","msg":"La fecha de nacimiento no puede estar vacía","path":"birthDate","type":"field"},{"location":"body","msg":"El teléfono debe tener 10 dígitos y comenzar con 3","path":"phone","type":"field"},{"location":"body","msg":"El número de teléfono no puede estar vacío","path":"phone","type":"field"},{"location":"body","msg":"El email no es válido","path":"email","type":"field"},{"location":"body","msg":"El email no puede estar vacío","path":"email","type":"field"},{"location":"body","msg":"La contraseña debe tener al menos 8 caracteres","path":"password","type":"field"},{"location":"body","msg":"La contraseña no puede estar vacía","path":"password","type":"field"},{"location":"body","msg":"La contraseña debe tener al menos una letra mayúscula, una letra minúscula, un número y un carácter especial","path":"password","type":"field"}],"level":"warn","message":"Validación fallida","timestamp":"2024-09-22T19:20:39.616Z"}
{"level":"info","message":"Método: POST | URL: /lender/register | Estado: 400","timestamp":"2024-09-22T19:20:39.618Z"}
{"_birthDate":"2000-01-01","_email":"Carlosperea@example.com","_identification":"123456711","_lastName":"perea","_name":"Carlos","_password":"Contraseña@123","_phone":"3123456789","level":"info","message":"Datos del userDto:","timestamp":"2024-09-22T19:21:24.444Z"}
{"error":"E11000 duplicate key error collection: auth-service.lenders index: identification_1 dup key: { identification: null }","level":"error","message":"Error al registrar usuario","timestamp":"2024-09-22T19:21:24.545Z"}
{"level":"info","message":"Método: POST | URL: /lender/register | Estado: 500","timestamp":"2024-09-22T19:21:24.547Z"}
{"_birthDate":"2000-01-01","_email":"Carlosperea@example.com","_identification":"123456711","_lastName":"perea","_name":"Carlos","_password":"Contraseña@123","_phone":"3123456789","level":"info","message":"Datos del userDto:","timestamp":"2024-09-22T19:21:45.258Z"}
{"error":"E11000 duplicate key error collection: auth-service.lenders index: identification_1 dup key: { identification: null }","level":"error","message":"Error al registrar usuario","timestamp":"2024-09-22T19:21:45.351Z"}
{"level":"info","message":"Método: POST | URL: /lender/register | Estado: 500","timestamp":"2024-09-22T19:21:45.353Z"}
{"_birthDate":"2000-01-01","_email":"Carlosperea@example.com","_identification":"123456711","_lastName":"perea","_name":"Carlos","_password":"Contraseña@123","_phone":"3123456789","level":"info","message":"Datos del userDto:","timestamp":"2024-09-22T19:26:06.494Z"}
{"error":"Lender validation failed: password: Path `password` is required., email: Path `email` is required., phone: Path `phone` is required., birthDate: Path `birthDate` is required., identification: Path `identification` is required., lastName: Path `lastName` is required., name: Path `name` is required.","level":"error","message":"Error al registrar usuario","timestamp":"2024-09-22T19:26:06.604Z"}
{"level":"info","message":"Método: POST | URL: /lender/register | Estado: 500","timestamp":"2024-09-22T19:26:06.611Z"}
{"_birthDate":"2000-01-01","_email":"Carlosperea@example.com","_identification":"123456711","_lastName":"perea","_name":"Carlos","_password":"Contraseña@123","_phone":"3123456789","level":"info","message":"Datos del userDto:","timestamp":"2024-09-22T19:27:22.664Z"}
{"error":"Lender validation failed: password: Path `password` is required., email: Path `email` is required., phone: Path `phone` is required., birthDate: Path `birthDate` is required., identification: Path `identification` is required., lastName: Path `lastName` is required., name: Path `name` is required.","level":"error","message":"Error al registrar usuario","timestamp":"2024-09-22T19:27:22.794Z"}
{"level":"info","message":"Método: POST | URL: /lender/register | Estado: 500","timestamp":"2024-09-22T19:27:22.801Z"}
{"_birthDate":"2000-01-01","_email":"Carlosperea@example.com","_identification":"123456711","_lastName":"perea","_name":"Carlos","_password":"Contraseña@123","_phone":"3123456789","level":"info","message":"Datos del userDto:","timestamp":"2024-09-22T19:29:45.418Z"}
{"email":"Carlosperea@example.com","level":"info","message":"Usuario creado exitosamente","timestamp":"2024-09-22T19:29:45.533Z"}
{"level":"info","message":"Método: POST | URL: /lender/register | Estado: 201","timestamp":"2024-09-22T19:29:45.539Z"}
{"_birthDate":"2000-01-01","_email":"Carlosperea@example.com","_identification":"123456711","_lastName":"perea","_name":"Carlos","_password":"Contraseña@123","_phone":"3123456789","level":"info","message":"Datos del userDto:","timestamp":"2024-09-22T19:29:56.860Z"}
{"error":"El usuario ya existe","level":"error","message":"Error al registrar usuario","timestamp":"2024-09-22T19:29:56.872Z"}
{"level":"info","message":"Método: POST | URL: /lender/register | Estado: 500","timestamp":"2024-09-22T19:29:56.878Z"}
{"level":"info","message":"Método: POST | URL: /lender/auth | Estado: 200","timestamp":"2024-09-22T20:35:33.806Z"}
{"level":"info","message":"Método: POST | URL: /lender/auth | Estado: 200","timestamp":"2024-09-22T20:36:17.212Z"}
{"level":"info","message":"Método: POST | URL: /lender/auth | Estado: 200","timestamp":"2024-09-22T20:36:21.373Z"}
{"level":"info","message":"Método: POST | URL: /lender/auth | Estado: 200","timestamp":"2024-09-22T20:36:24.897Z"}
{"level":"info","message":"Método: POST | URL: /lender/auth | Estado: 200","timestamp":"2024-09-22T20:38:26.758Z"}
{"level":"info","message":"Método: POST | URL: /lender/auth | Estado: 200","timestamp":"2024-09-22T20:40:48.104Z"}
{"level":"info","message":"Método: POST | URL: /lender/auth | Estado: 200","timestamp":"2024-09-22T20:41:37.598Z"}
{"level":"info","message":"Método: POST | URL: /lender/auth | Estado: 200","timestamp":"2024-09-22T20:41:55.321Z"}
{"errors":[{"location":"body","msg":"El email no es válido","path":"email","type":"field","value":"Carlosperea@example.com1"}],"level":"warn","message":"Validación fallida","timestamp":"2024-09-22T20:41:57.570Z"}
{"level":"info","message":"Método: POST | URL: /lender/auth | Estado: 400","timestamp":"2024-09-22T20:41:57.573Z"}
{"error":"Usuario no encontrado","level":"error","message":"Error al registrar usuario","timestamp":"2024-09-22T20:42:04.380Z"}
{"level":"info","message":"Método: POST | URL: /lender/auth | Estado: 500","timestamp":"2024-09-22T20:42:04.384Z"}
{"level":"info","message":"Método: POST | URL: /lender/auth | Estado: 200","timestamp":"2024-09-22T20:42:11.991Z"}
{"level":"info","message":"Método: POST | URL: /lender/auth | Estado: 200","timestamp":"2024-09-22T20:42:15.893Z"}
{"level":"info","message":"Método: POST | URL: /lender/auth | Estado: 200","timestamp":"2024-09-22T20:42:51.618Z"}
{"level":"info","message":"Método: POST | URL: /lender/auth | Estado: 200","timestamp":"2024-09-22T20:53:12.181Z"}
{"level":"info","message":"Método: POST | URL: /lender/auth | Estado: 200","timestamp":"2024-09-22T21:17:48.396Z"}
{"level":"info","message":"Método: POST | URL: /lender/auth | Estado: 200","timestamp":"2024-09-22T21:17:54.149Z"}
{"level":"info","message":"Método: POST | URL: /lender/auth | Estado: 200","timestamp":"2024-09-22T21:18:12.822Z"}
{"level":"info","message":"Método: POST | URL: /lender/auth | Estado: 200","timestamp":"2024-09-22T21:19:51.907Z"}
{"level":"info","message":"Método: POST | URL: /lender/auth | Estado: 200","timestamp":"2024-09-22T21:20:40.805Z"}
{"level":"info","message":"Método: POST | URL: /lender/auth | Estado: 200","timestamp":"2024-09-22T21:21:09.780Z"}
{"level":"info","message":"Método: POST | URL: /lender/auth | Estado: 200","timestamp":"2024-09-22T21:21:17.799Z"}
{"level":"info","message":"Método: POST | URL: /lender/auth | Estado: 200","timestamp":"2024-09-22T21:21:22.951Z"}
{"error":"Contraseña incorrecta","level":"error","message":"Error al registrar usuario","timestamp":"2024-09-22T21:22:38.616Z"}
{"level":"info","message":"Método: POST | URL: /lender/auth | Estado: 500","timestamp":"2024-09-22T21:22:38.627Z"}
{"level":"info","message":"Método: POST | URL: /lender/auth | Estado: 200","timestamp":"2024-09-22T21:22:53.255Z"}
{"level":"info","message":"Método: POST | URL: /lender/auth | Estado: 200","timestamp":"2024-09-22T21:23:14.449Z"}
{"error":"Contraseña incorrecta","level":"error","message":"Error al registrar usuario","timestamp":"2024-09-22T21:23:18.979Z"}
{"level":"info","message":"Método: POST | URL: /lender/auth | Estado: 500","timestamp":"2024-09-22T21:23:18.982Z"}
{"error":"Contraseña incorrecta","level":"error","message":"Error al registrar usuario","timestamp":"2024-09-23T01:39:06.946Z"}
{"level":"info","message":"Método: POST | URL: /lender/auth | Estado: 500","timestamp":"2024-09-23T01:39:06.955Z"}
{"error":"Contraseña incorrecta","level":"error","message":"Error al registrar usuario","timestamp":"2024-09-23T01:39:09.685Z"}
{"level":"info","message":"Método: POST | URL: /lender/auth | Estado: 500","timestamp":"2024-09-23T01:39:09.687Z"}
{"error":"Contraseña incorrecta","level":"error","message":"Error al registrar usuario","timestamp":"2024-09-23T01:39:10.880Z"}
{"level":"info","message":"Método: POST | URL: /lender/auth | Estado: 500","timestamp":"2024-09-23T01:39:10.883Z"}
{"error":"Contraseña incorrecta","level":"error","message":"Error al registrar usuario","timestamp":"2024-09-23T01:39:11.944Z"}
{"level":"info","message":"Método: POST | URL: /lender/auth | Estado: 500","timestamp":"2024-09-23T01:39:11.946Z"}
{"error":"Demasiados intentos fallidos. Por favor, inténtelo de nuevo más tarde.","level":"error","message":"Error al registrar usuario","timestamp":"2024-09-23T01:39:12.616Z"}
{"level":"info","message":"Método: POST | URL: /lender/auth | Estado: 500","timestamp":"2024-09-23T01:39:12.618Z"}
{"level":"info","message":"Método: POST | URL: /lender/auth | Estado: 200","timestamp":"2024-09-23T01:39:53.525Z"}
{"_birthDate":"2005-06-23","_email":"jhoitan266@gmail.com","_identification":"1092851497","_lastName":"Zuleta","_name":"Alejandro","_password":"Contraseña@123","_phone":"3218957375","level":"info","message":"Datos del userDto:","timestamp":"2024-09-23T19:13:21.767Z"}
{"error":"Error enviando correo","level":"error","message":"Error al registrar usuario","timestamp":"2024-09-23T19:13:22.291Z"}
{"level":"info","message":"Método: POST | URL: /lender/register | Estado: 500","timestamp":"2024-09-23T19:13:22.298Z"}
{"_birthDate":"2005-06-23","_email":"jhoitan266@gmail.com","_identification":"1092851497","_lastName":"Zuleta","_name":"Alejandro","_password":"Contraseña@123","_phone":"3218957375","level":"info","message":"Datos del userDto:","timestamp":"2024-09-23T19:19:01.104Z"}
{"error":"El usuario ya existe","level":"error","message":"Error al registrar usuario","timestamp":"2024-09-23T19:19:01.111Z"}
{"level":"info","message":"Método: POST | URL: /lender/register | Estado: 500","timestamp":"2024-09-23T19:19:01.114Z"}
{"_birthDate":"2005-06-23","_email":"jhoitan266@gmail.com","_identification":"1092851497","_lastName":"Zuleta","_name":"Alejandro","_password":"Contraseña@123","_phone":"3218957375","level":"info","message":"Datos del userDto:","timestamp":"2024-09-23T19:19:18.305Z"}
{"error":"Error enviando correo","level":"error","message":"Error al registrar usuario","timestamp":"2024-09-23T19:19:18.461Z"}
{"level":"info","message":"Método: POST | URL: /lender/register | Estado: 500","timestamp":"2024-09-23T19:19:18.463Z"}
{"_birthDate":"2005-06-23","_email":"jhoitan266@gmail.com","_identification":"1092851497","_lastName":"Zuleta","_name":"Alejandro","_password":"Contraseña@123","_phone":"3218957375","level":"info","message":"Datos del userDto:","timestamp":"2024-09-23T19:21:02.849Z"}
{"error":"Error enviando correo","level":"error","message":"Error al registrar usuario","timestamp":"2024-09-23T19:21:03.057Z"}
{"level":"info","message":"Método: POST | URL: /lender/register | Estado: 500","timestamp":"2024-09-23T19:21:03.059Z"}
{"_birthDate":"2005-06-23","_email":"jhoitan266@gmail.com","_identification":"1092851497","_lastName":"Zuleta","_name":"Alejandro","_password":"Contraseña@123","_phone":"3218957375","level":"info","message":"Datos del userDto:","timestamp":"2024-09-23T19:22:54.873Z"}
{"error":"Error enviando correo","level":"error","message":"Error al registrar usuario","timestamp":"2024-09-23T19:22:55.069Z"}
{"level":"info","message":"Método: POST | URL: /lender/register | Estado: 500","timestamp":"2024-09-23T19:22:55.074Z"}
{"_birthDate":"2005-06-23","_email":"jhoitan266@gmail.com","_identification":"1092851497","_lastName":"Zuleta","_name":"Alejandro","_password":"Contraseña@123","_phone":"3218957375","level":"info","message":"Datos del userDto:","timestamp":"2024-09-23T19:29:03.264Z"}
{"error":"Error enviando correo","level":"error","message":"Error al registrar usuario","timestamp":"2024-09-23T19:29:03.656Z"}
{"level":"info","message":"Método: POST | URL: /lender/register | Estado: 500","timestamp":"2024-09-23T19:29:03.666Z"}
{"_birthDate":"2005-06-23","_email":"jhoitan266@gmail.com","_identification":"1092851497","_lastName":"Zuleta","_name":"Alejandro","_password":"Contraseña@123","_phone":"3218957375","level":"info","message":"Datos del userDto:","timestamp":"2024-09-23T19:31:09.754Z"}
{"error":"Error enviando correo","level":"error","message":"Error al registrar usuario","timestamp":"2024-09-23T19:31:09.976Z"}
{"level":"info","message":"Método: POST | URL: /lender/register | Estado: 500","timestamp":"2024-09-23T19:31:09.979Z"}
{"_birthDate":"2005-06-23","_email":"jhoitan266@gmail.com","_identification":"1092851497","_lastName":"Zuleta","_name":"Alejandro","_password":"Contraseña@123","_phone":"3218957375","level":"info","message":"Datos del userDto:","timestamp":"2024-09-23T19:32:46.541Z"}
{"error":"Error enviando correo","level":"error","message":"Error al registrar usuario","timestamp":"2024-09-23T19:32:46.765Z"}
{"level":"info","message":"Método: POST | URL: /lender/register | Estado: 500","timestamp":"2024-09-23T19:32:46.770Z"}
{"_birthDate":"2005-06-23","_email":"jhoitan266@gmail.com","_identification":"1092851497","_lastName":"Zuleta","_name":"Alejandro","_password":"Contraseña@123","_phone":"3218957375","level":"info","message":"Datos del userDto:","timestamp":"2024-09-23T19:34:09.404Z"}
{"error":"Error enviando correo","level":"error","message":"Error al registrar usuario","timestamp":"2024-09-23T19:34:09.629Z"}
{"level":"info","message":"Método: POST | URL: /lender/register | Estado: 500","timestamp":"2024-09-23T19:34:09.632Z"}
{"_birthDate":"2005-06-23","_email":"jhoitan266@gmail.com","_identification":"1092851497","_lastName":"Zuleta","_name":"Alejandro","_password":"Contraseña@123","_phone":"3218957375","level":"info","message":"Datos del userDto:","timestamp":"2024-09-23T19:41:38.701Z"}
{"error":"Error enviando correo","level":"error","message":"Error al registrar usuario","timestamp":"2024-09-23T19:41:39.485Z"}
{"level":"info","message":"Método: POST | URL: /lender/register | Estado: 500","timestamp":"2024-09-23T19:41:39.489Z"}
{"_birthDate":"2005-06-23","_email":"jhoitan266@gmail.com","_identification":"1092851497","_lastName":"Zuleta","_name":"Alejandro","_password":"Contraseña@123","_phone":"3218957375","level":"info","message":"Datos del userDto:","timestamp":"2024-09-23T19:42:52.768Z"}
{"error":"Error enviando correo","level":"error","message":"Error al registrar usuario","timestamp":"2024-09-23T19:42:54.066Z"}
{"level":"info","message":"Método: POST | URL: /lender/register | Estado: 500","timestamp":"2024-09-23T19:42:54.069Z"}
{"_birthDate":"2005-06-23","_email":"jhoitan266@gmail.com","_identification":"1092851497","_lastName":"Zuleta","_name":"Alejandro","_password":"Contraseña@123","_phone":"3218957375","level":"info","message":"Datos del userDto:","timestamp":"2024-09-23T19:43:24.542Z"}
{"error":"Error enviando correo","level":"error","message":"Error al registrar usuario","timestamp":"2024-09-23T19:43:25.703Z"}
{"level":"info","message":"Método: POST | URL: /lender/register | Estado: 500","timestamp":"2024-09-23T19:43:25.706Z"}
{"_birthDate":"2005-06-23","_email":"jhoitan266@gmail.com","_identification":"1092851497","_lastName":"Zuleta","_name":"Alejandro","_password":"Contraseña@123","_phone":"3218957375","level":"info","message":"Datos del userDto:","timestamp":"2024-09-23T19:44:18.522Z"}
{"error":"Error enviando correo","level":"error","message":"Error al registrar usuario","timestamp":"2024-09-23T19:44:19.562Z"}
{"level":"info","message":"Método: POST | URL: /lender/register | Estado: 500","timestamp":"2024-09-23T19:44:19.564Z"}
{"_birthDate":"2005-06-23","_email":"jhoitan266@gmail.com","_identification":"1092851497","_lastName":"Zuleta","_name":"Alejandro","_password":"Contraseña@123","_phone":"3218957375","level":"info","message":"Datos del userDto:","timestamp":"2024-09-23T19:44:22.556Z"}
{"error":"Error enviando correo","level":"error","message":"Error al registrar usuario","timestamp":"2024-09-23T19:44:22.860Z"}
{"level":"info","message":"Método: POST | URL: /lender/register | Estado: 500","timestamp":"2024-09-23T19:44:22.864Z"}
{"_birthDate":"2005-06-23","_email":"jhoitan266@gmail.com","_identification":"1092851497","_lastName":"Zuleta","_name":"Alejandro","_password":"Contraseña@123","_phone":"3218957375","level":"info","message":"Datos del userDto:","timestamp":"2024-09-23T19:44:37.260Z"}
{"error":"Error enviando correo","level":"error","message":"Error al registrar usuario","timestamp":"2024-09-23T19:44:38.272Z"}
{"level":"info","message":"Método: POST | URL: /lender/register | Estado: 500","timestamp":"2024-09-23T19:44:38.276Z"}
{"_birthDate":"2005-06-23","_email":"jhoitan266@gmail.com","_identification":"1092851497","_lastName":"Zuleta","_name":"Alejandro","_password":"Contraseña@123","_phone":"3218957375","level":"info","message":"Datos del userDto:","timestamp":"2024-09-23T19:45:36.896Z"}
{"error":"Error enviando correo","level":"error","message":"Error al registrar usuario","timestamp":"2024-09-23T19:45:37.848Z"}
{"level":"info","message":"Método: POST | URL: /lender/register | Estado: 500","timestamp":"2024-09-23T19:45:37.851Z"}
{"_birthDate":"2005-06-23","_email":"jhoitan266@gmail.com","_identification":"1092851497","_lastName":"Zuleta","_name":"Alejandro","_password":"Contraseña@123","_phone":"3218957375","level":"info","message":"Datos del userDto:","timestamp":"2024-09-23T19:45:54.831Z"}
{"error":"Error enviando correo","level":"error","message":"Error al registrar usuario","timestamp":"2024-09-23T19:45:55.649Z"}
{"level":"info","message":"Método: POST | URL: /lender/register | Estado: 500","timestamp":"2024-09-23T19:45:55.651Z"}
{"_birthDate":"2005-06-23","_email":"jhoitan266@gmail.com","_identification":"1092851497","_lastName":"Zuleta","_name":"Alejandro","_password":"Contraseña@123","_phone":"3218957375","level":"info","message":"Datos del userDto:","timestamp":"2024-09-23T19:49:48.789Z"}
{"error":"Error enviando correo","level":"error","message":"Error al registrar usuario","timestamp":"2024-09-23T19:49:49.254Z"}
{"level":"info","message":"Método: POST | URL: /lender/register | Estado: 500","timestamp":"2024-09-23T19:49:49.256Z"}
{"_birthDate":"2005-06-23","_email":"jhoitan266@gmail.com","_identification":"1092851497","_lastName":"Zuleta","_name":"Alejandro","_password":"Contraseña@123","_phone":"3218957375","level":"info","message":"Datos del userDto:","timestamp":"2024-09-23T19:51:16.234Z"}
{"error":"Error enviando correo","level":"error","message":"Error al registrar usuario","timestamp":"2024-09-23T19:51:17.287Z"}
{"level":"info","message":"Método: POST | URL: /lender/register | Estado: 500","timestamp":"2024-09-23T19:51:17.291Z"}
{"_birthDate":"2005-06-23","_email":"jhoitan266@gmail.com","_identification":"1092851497","_lastName":"Zuleta","_name":"Alejandro","_password":"Contraseña@123","_phone":"3218957375","level":"info","message":"Datos del userDto:","timestamp":"2024-09-23T19:52:00.490Z"}
{"error":"Error enviando correo","level":"error","message":"Error al registrar usuario","timestamp":"2024-09-23T19:52:01.482Z"}
{"level":"info","message":"Método: POST | URL: /lender/register | Estado: 500","timestamp":"2024-09-23T19:52:01.485Z"}
{"_birthDate":"2005-06-23","_email":"jhoitan266@gmail.com","_identification":"1092851497","_lastName":"Zuleta","_name":"Alejandro","_password":"Contraseña@123","_phone":"3218957375","level":"info","message":"Datos del userDto:","timestamp":"2024-09-23T19:54:55.971Z"}
{"error":"Error enviando correo","level":"error","message":"Error al registrar usuario","timestamp":"2024-09-23T19:54:56.825Z"}
{"level":"info","message":"Método: POST | URL: /lender/register | Estado: 500","timestamp":"2024-09-23T19:54:56.828Z"}
{"_birthDate":"2005-06-23","_email":"jhoitan266@gmail.com","_identification":"1092851497","_lastName":"Zuleta","_name":"Alejandro","_password":"Contraseña@123","_phone":"3218957375","level":"info","message":"Datos del userDto:","timestamp":"2024-09-23T19:58:08.008Z"}
{"error":"Error enviando correo","level":"error","message":"Error al registrar usuario","timestamp":"2024-09-23T19:58:08.973Z"}
{"level":"info","message":"Método: POST | URL: /lender/register | Estado: 500","timestamp":"2024-09-23T19:58:08.975Z"}
{"_birthDate":"2005-06-23","_email":"jhoitan266@gmail.com","_identification":"1092851497","_lastName":"Zuleta","_name":"Alejandro","_password":"Contraseña@123","_phone":"3218957375","level":"info","message":"Datos del userDto:","timestamp":"2024-09-23T19:59:13.541Z"}
{"error":"Error enviando correo","level":"error","message":"Error al registrar usuario","timestamp":"2024-09-23T19:59:14.471Z"}
{"level":"info","message":"Método: POST | URL: /lender/register | Estado: 500","timestamp":"2024-09-23T19:59:14.474Z"}
{"_birthDate":"2005-06-23","_email":"jhoitan266@gmail.com","_identification":"1092851497","_lastName":"Zuleta","_name":"Alejandro","_password":"Contraseña@123","_phone":"3218957375","level":"info","message":"Datos del userDto:","timestamp":"2024-09-23T19:59:57.314Z"}
{"error":"Error enviando correo","level":"error","message":"Error al registrar usuario","timestamp":"2024-09-23T19:59:58.329Z"}
{"level":"info","message":"Método: POST | URL: /lender/register | Estado: 500","timestamp":"2024-09-23T19:59:58.333Z"}
{"_birthDate":"2005-06-23","_email":"jhoitan266@gmail.com","_identification":"1092851497","_lastName":"Zuleta","_name":"Alejandro","_password":"Contraseña@123","_phone":"3218957375","level":"info","message":"Datos del userDto:","timestamp":"2024-09-23T20:00:55.974Z"}
{"error":"Error enviando correo","level":"error","message":"Error al registrar usuario","timestamp":"2024-09-23T20:00:57.002Z"}
{"level":"info","message":"Método: POST | URL: /lender/register | Estado: 500","timestamp":"2024-09-23T20:00:57.004Z"}
{"_birthDate":"2005-06-23","_email":"jhoitan266@gmail.com","_identification":"1092851497","_lastName":"Zuleta","_name":"Alejandro","_password":"Contraseña@123","_phone":"3218957375","level":"info","message":"Datos del userDto:","timestamp":"2024-09-23T20:02:11.142Z"}
{"error":"Error enviando correo","level":"error","message":"Error al registrar usuario","timestamp":"2024-09-23T20:02:12.087Z"}
{"level":"info","message":"Método: POST | URL: /lender/register | Estado: 500","timestamp":"2024-09-23T20:02:12.090Z"}
{"_birthDate":"2005-06-23","_email":"jhoitan266@gmail.com","_identification":"1092851497","_lastName":"Zuleta","_name":"Alejandro","_password":"Contraseña@123","_phone":"3218957375","level":"info","message":"Datos del userDto:","timestamp":"2024-09-23T20:02:36.607Z"}
{"error":"Error enviando correo","level":"error","message":"Error al registrar usuario","timestamp":"2024-09-23T20:02:37.751Z"}
{"level":"info","message":"Método: POST | URL: /lender/register | Estado: 500","timestamp":"2024-09-23T20:02:37.754Z"}
{"_birthDate":"2005-06-23","_email":"jhoitan266@gmail.com","_identification":"1092851497","_lastName":"Zuleta","_name":"Alejandro","_password":"Contraseña@123","_phone":"3218957375","level":"info","message":"Datos del userDto:","timestamp":"2024-09-23T20:08:05.390Z"}
{"error":"Error enviando correo","level":"error","message":"Error al registrar usuario","timestamp":"2024-09-23T20:08:06.552Z"}
{"level":"info","message":"Método: POST | URL: /lender/register | Estado: 500","timestamp":"2024-09-23T20:08:06.554Z"}
{"_birthDate":"2005-06-23","_email":"jhoitan266@gmail.com","_identification":"1092851497","_lastName":"Zuleta","_name":"Alejandro","_password":"Contraseña@123","_phone":"3218957375","level":"info","message":"Datos del userDto:","timestamp":"2024-09-23T20:10:48.801Z"}
{"error":"Error enviando correo","level":"error","message":"Error al registrar usuario","timestamp":"2024-09-23T20:10:48.958Z"}
{"level":"info","message":"Método: POST | URL: /lender/register | Estado: 500","timestamp":"2024-09-23T20:10:48.960Z"}
{"_birthDate":"2005-06-23","_email":"jhoitan266@gmail.com","_identification":"1092851497","_lastName":"Zuleta","_name":"Alejandro","_password":"Contraseña@123","_phone":"3218957375","level":"info","message":"Datos del userDto:","timestamp":"2024-09-23T20:24:58.890Z"}
{"error":"Error enviando correo","level":"error","message":"Error al registrar usuario","timestamp":"2024-09-23T20:24:59.701Z"}
{"level":"info","message":"Método: POST | URL: /lender/register | Estado: 500","timestamp":"2024-09-23T20:24:59.704Z"}
{"_birthDate":"2005-06-23","_email":"jhoitan266@gmail.com","_identification":"1092851497","_lastName":"Zuleta","_name":"Alejandro","_password":"Contraseña@123","_phone":"3218957375","level":"info","message":"Datos del userDto:","timestamp":"2024-09-23T20:29:37.813Z"}
{"error":"Error enviando correo","level":"error","message":"Error al registrar usuario","timestamp":"2024-09-23T20:29:38.655Z"}
{"level":"info","message":"Método: POST | URL: /lender/register | Estado: 500","timestamp":"2024-09-23T20:29:38.658Z"}
{"_birthDate":"2005-06-23","_email":"jhoitan266@gmail.com","_identification":"1092851497","_lastName":"Zuleta","_name":"Alejandro","_password":"Contraseña@123","_phone":"3218957375","level":"info","message":"Datos del userDto:","timestamp":"2024-09-23T20:31:33.999Z"}
{"error":"Error enviando correo","level":"error","message":"Error al registrar usuario","timestamp":"2024-09-23T20:31:34.847Z"}
{"level":"info","message":"Método: POST | URL: /lender/register | Estado: 500","timestamp":"2024-09-23T20:31:34.850Z"}
{"_birthDate":"2005-06-23","_email":"jhoitan266@gmail.com","_identification":"1092851497","_lastName":"Zuleta","_name":"Alejandro","_password":"Contraseña@123","_phone":"3218957375","level":"info","message":"Datos del userDto:","timestamp":"2024-09-23T20:32:16.583Z"}
{"error":"Error enviando correo","level":"error","message":"Error al registrar usuario","timestamp":"2024-09-23T20:32:17.489Z"}
{"level":"info","message":"Método: POST | URL: /lender/register | Estado: 500","timestamp":"2024-09-23T20:32:17.491Z"}
{"_birthDate":"2005-06-23","_email":"jhoitan266@gmail.com","_identification":"1092851497","_lastName":"Zuleta","_name":"Alejandro","_password":"Contraseña@123","_phone":"3218957375","level":"info","message":"Datos del userDto:","timestamp":"2024-09-23T20:32:25.467Z"}
{"error":"Error enviando correo","level":"error","message":"Error al registrar usuario","timestamp":"2024-09-23T20:32:26.036Z"}
{"level":"info","message":"Método: POST | URL: /lender/register | Estado: 500","timestamp":"2024-09-23T20:32:26.039Z"}
{"_birthDate":"2005-06-23","_email":"jhoitan266@gmail.com","_identification":"1092851497","_lastName":"Zuleta","_name":"Alejandro","_password":"Contraseña@123","_phone":"3218957375","level":"info","message":"Datos del userDto:","timestamp":"2024-09-23T20:35:41.891Z"}
{"error":"Error enviando correo","level":"error","message":"Error al registrar usuario","timestamp":"2024-09-23T20:35:42.494Z"}
{"level":"info","message":"Método: POST | URL: /lender/register | Estado: 500","timestamp":"2024-09-23T20:35:42.496Z"}
{"_birthDate":"2005-06-23","_email":"jhoitan266@gmail.com","_identification":"1092851497","_lastName":"Zuleta","_name":"Alejandro","_password":"Contraseña@123","_phone":"3218957375","level":"info","message":"Datos del userDto:","timestamp":"2024-09-23T20:36:28.290Z"}
{"error":"Error enviando correo","level":"error","message":"Error al registrar usuario","timestamp":"2024-09-23T20:36:29.280Z"}
{"level":"info","message":"Método: POST | URL: /lender/register | Estado: 500","timestamp":"2024-09-23T20:36:29.283Z"}
{"_birthDate":"2005-06-23","_email":"jhoitan266@gmail.com","_identification":"1092851497","_lastName":"Zuleta","_name":"Alejandro","_password":"Contraseña@123","_phone":"3218957375","level":"info","message":"Datos del userDto:","timestamp":"2024-09-24T01:40:32.458Z"}
{"error":"Error enviando correo","level":"error","message":"Error al registrar usuario","timestamp":"2024-09-24T01:40:33.372Z"}
{"level":"info","message":"Método: POST | URL: /lender/register | Estado: 500","timestamp":"2024-09-24T01:40:33.379Z"}
{"_birthDate":"2005-06-23","_email":"jhoitan266@gmail.com","_identification":"1092851497","_lastName":"Zuleta","_name":"Alejandro","_password":"Contraseña@123","_phone":"3218957375","level":"info","message":"Datos del userDto:","timestamp":"2024-09-24T01:41:47.881Z"}
{"error":"Error enviando correo","level":"error","message":"Error al registrar usuario","timestamp":"2024-09-24T01:41:48.308Z"}
{"level":"info","message":"Método: POST | URL: /lender/register | Estado: 500","timestamp":"2024-09-24T01:41:48.311Z"}
{"_birthDate":"2005-06-23","_email":"jhoitan266@gmail.com","_identification":"1092851497","_lastName":"Zuleta","_name":"Alejandro","_password":"Contraseña@123","_phone":"3218957375","level":"info","message":"Datos del userDto:","timestamp":"2024-09-24T01:42:55.366Z"}
{"error":"Error enviando correo","level":"error","message":"Error al registrar usuario","timestamp":"2024-09-24T01:42:56.125Z"}
{"level":"info","message":"Método: POST | URL: /lender/register | Estado: 500","timestamp":"2024-09-24T01:42:56.128Z"}
{"_birthDate":"2005-06-23","_email":"jhoitan266@gmail.com","_identification":"1092851497","_lastName":"Zuleta","_name":"Alejandro","_password":"Contraseña@123","_phone":"3218957375","level":"info","message":"Datos del userDto:","timestamp":"2024-09-24T01:44:43.797Z"}
{"error":"Error enviando correo","level":"error","message":"Error al registrar usuario","timestamp":"2024-09-24T01:44:44.557Z"}
{"level":"info","message":"Método: POST | URL: /lender/register | Estado: 500","timestamp":"2024-09-24T01:44:44.560Z"}
{"_birthDate":"2005-06-23","_email":"jhoitan266@gmail.com","_identification":"1092851497","_lastName":"Zuleta","_name":"Alejandro","_password":"Contraseña@123","_phone":"3218957375","level":"info","message":"Datos del userDto:","timestamp":"2024-09-24T01:45:53.483Z"}
{"error":"Error enviando correo","level":"error","message":"Error al registrar usuario","timestamp":"2024-09-24T01:45:54.068Z"}
{"level":"info","message":"Método: POST | URL: /lender/register | Estado: 500","timestamp":"2024-09-24T01:45:54.075Z"}
{"_birthDate":"2005-06-23","_email":"jhoitan266@gmail.com","_identification":"1092851497","_lastName":"Zuleta","_name":"Alejandro","_password":"Contraseña@123","_phone":"3218957375","level":"info","message":"Datos del userDto:","timestamp":"2024-09-24T01:47:54.673Z"}
{"error":"Error enviando correo","level":"error","message":"Error al registrar usuario","timestamp":"2024-09-24T01:47:55.529Z"}
{"level":"info","message":"Método: POST | URL: /lender/register | Estado: 500","timestamp":"2024-09-24T01:47:55.534Z"}
{"_birthDate":"2005-06-23","_email":"jhoitan266@gmail.com","_identification":"1092851497","_lastName":"Zuleta","_name":"Alejandro","_password":"Contraseña@123","_phone":"3218957375","level":"info","message":"Datos del userDto:","timestamp":"2024-09-24T01:49:42.814Z"}
{"error":"Error enviando correo","level":"error","message":"Error al registrar usuario","timestamp":"2024-09-24T01:49:44.796Z"}
{"level":"info","message":"Método: POST | URL: /lender/register | Estado: 500","timestamp":"2024-09-24T01:49:44.801Z"}
{"_birthDate":"2005-06-23","_email":"jhoitan266@gmail.com","_identification":"1092851497","_lastName":"Zuleta","_name":"Alejandro","_password":"Contraseña@123","_phone":"3218957375","level":"info","message":"Datos del userDto:","timestamp":"2024-09-24T01:53:07.992Z"}
{"error":"Error enviando correo","level":"error","message":"Error al registrar usuario","timestamp":"2024-09-24T01:53:08.981Z"}
{"level":"info","message":"Método: POST | URL: /lender/register | Estado: 500","timestamp":"2024-09-24T01:53:08.985Z"}
{"_birthDate":"2005-06-23","_email":"jhoitan266@gmail.com","_identification":"1092851497","_lastName":"Zuleta","_name":"Alejandro","_password":"Contraseña@123","_phone":"3218957375","level":"info","message":"Datos del userDto:","timestamp":"2024-09-24T01:55:13.171Z"}
{"email":"jhoitan266@gmail.com","level":"info","message":"Usuario creado exitosamente","timestamp":"2024-09-24T01:55:13.960Z"}
{"level":"info","message":"Método: POST | URL: /lender/register | Estado: 201","timestamp":"2024-09-24T01:55:13.968Z"}
{"_birthDate":"2005-06-23","_email":"valenciazuletaj@gmail.com","_identification":"1092851497","_lastName":"Zuleta","_name":"Alejandro","_password":"Contraseña@123","_phone":"3218957375","level":"info","message":"Datos del userDto:","timestamp":"2024-09-24T01:57:26.807Z"}
{"error":"Error enviando correo","level":"error","message":"Error al registrar usuario","timestamp":"2024-09-24T01:57:28.423Z"}
{"level":"info","message":"Método: POST | URL: /lender/register | Estado: 500","timestamp":"2024-09-24T01:57:28.431Z"}
{"_birthDate":"2005-06-23","_email":"valenciazuletaj@gmail.com","_identification":"1092851497","_lastName":"Zuleta","_name":"Alejandro","_password":"Contraseña@123","_phone":"3218957375","level":"info","message":"Datos del userDto:","timestamp":"2024-09-24T01:58:42.669Z"}
{"error":"Error enviando correo","level":"error","message":"Error al registrar usuario","timestamp":"2024-09-24T01:58:43.879Z"}
{"level":"info","message":"Método: POST | URL: /lender/register | Estado: 500","timestamp":"2024-09-24T01:58:43.884Z"}
{"_birthDate":"2005-06-23","_email":"valenciazuletaj@gmail.com","_identification":"1092851497","_lastName":"Zuleta","_name":"Alejandro","_password":"Contraseña@123","_phone":"3218957375","level":"info","message":"Datos del userDto:","timestamp":"2024-09-24T02:00:34.375Z"}
{"error":"Error enviando correo","level":"error","message":"Error al registrar usuario","timestamp":"2024-09-24T02:00:35.449Z"}
{"level":"info","message":"Método: POST | URL: /lender/register | Estado: 500","timestamp":"2024-09-24T02:00:35.453Z"}
{"_birthDate":"2005-06-23","_email":"valenciazuletaj@gmail.com","_identification":"1092851497","_lastName":"Zuleta","_name":"Alejandro","_password":"Contraseña@123","_phone":"3218957375","level":"info","message":"Datos del userDto:","timestamp":"2024-09-24T02:03:20.729Z"}
{"error":"Error enviando correo","level":"error","message":"Error al registrar usuario","timestamp":"2024-09-24T02:03:21.586Z"}
{"level":"info","message":"Método: POST | URL: /lender/register | Estado: 500","timestamp":"2024-09-24T02:03:21.591Z"}
{"_birthDate":"2005-06-23","_email":"valenciazuletaj@gmail.com","_identification":"1092851497","_lastName":"Zuleta","_name":"Alejandro","_password":"Contraseña@123","_phone":"3218957375","level":"info","message":"Datos del userDto:","timestamp":"2024-09-24T02:03:27.739Z"}
{"error":"Error enviando correo","level":"error","message":"Error al registrar usuario","timestamp":"2024-09-24T02:03:28.638Z"}
{"level":"info","message":"Método: POST | URL: /lender/register | Estado: 500","timestamp":"2024-09-24T02:03:28.644Z"}
{"_birthDate":"2005-06-23","_email":"valenciazuletaj@gmail.com","_identification":"1092851497","_lastName":"Zuleta","_name":"Alejandro","_password":"Contraseña@123","_phone":"3218957375","level":"info","message":"Datos del userDto:","timestamp":"2024-09-24T02:05:17.554Z"}
{"error":"Error enviando correo","level":"error","message":"Error al registrar usuario","timestamp":"2024-09-24T02:05:18.010Z"}
{"level":"info","message":"Método: POST | URL: /lender/register | Estado: 500","timestamp":"2024-09-24T02:05:18.014Z"}
{"_birthDate":"2005-06-23","_email":"jhoitan266@gmail.com","_identification":"1092851497","_lastName":"Zuleta","_name":"Alejandro","_password":"Contraseña@123","_phone":"3218957375","level":"info","message":"Datos del userDto:","timestamp":"2024-09-24T02:06:43.078Z"}
{"error":"Error enviando correo","level":"error","message":"Error al registrar usuario","timestamp":"2024-09-24T02:06:43.589Z"}
{"level":"info","message":"Método: POST | URL: /lender/register | Estado: 500","timestamp":"2024-09-24T02:06:43.594Z"}
{"_birthDate":"2005-06-23","_email":"jhoitan266@gmail.com","_identification":"1092851497","_lastName":"Zuleta","_name":"Alejandro","_password":"Contraseña@123","_phone":"3218957375","level":"info","message":"Datos del userDto:","timestamp":"2024-09-24T02:22:56.930Z"}
{"error":"Error enviando correo","level":"error","message":"Error al registrar usuario","timestamp":"2024-09-24T02:22:57.094Z"}
{"level":"info","message":"Método: POST | URL: /lender/register | Estado: 500","timestamp":"2024-09-24T02:22:57.097Z"}
{"_birthDate":"2005-06-23","_email":"jhoitan266@gmail.com","_identification":"1092851497","_lastName":"Zuleta","_name":"Alejandro","_password":"Contraseña@123","_phone":"3218957375","level":"info","message":"Datos del userDto:","timestamp":"2024-09-24T02:23:12.207Z"}
{"email":"jhoitan266@gmail.com","level":"info","message":"Usuario creado exitosamente","timestamp":"2024-09-24T02:23:13.489Z"}
{"level":"info","message":"Método: POST | URL: /lender/register | Estado: 201","timestamp":"2024-09-24T02:23:13.493Z"}
{"_birthDate":"2005-06-23","_email":"jhoitan266@gmail.com","_identification":"1092851497","_lastName":"Zuleta","_name":"Alejandro","_password":"Contraseña@123","_phone":"3218957375","level":"info","message":"Datos del userDto:","timestamp":"2024-09-24T02:26:37.562Z"}
{"email":"jhoitan266@gmail.com","level":"info","message":"Usuario creado exitosamente","timestamp":"2024-09-24T02:26:38.424Z"}
{"level":"info","message":"Método: POST | URL: /lender/register | Estado: 201","timestamp":"2024-09-24T02:26:38.429Z"}
{"_birthDate":"2005-06-23","_email":"jhoitan266@gmail.com","_identification":"1092851497","_lastName":"Zuleta","_name":"Alejandro","_password":"Contraseña@123","_phone":"3218957375","level":"info","message":"Datos del userDto:","timestamp":"2024-09-24T02:31:54.818Z"}
{"email":"jhoitan266@gmail.com","level":"info","message":"Usuario creado exitosamente","timestamp":"2024-09-24T02:31:55.562Z"}
{"level":"info","message":"Método: POST | URL: /lender/register | Estado: 201","timestamp":"2024-09-24T02:31:55.566Z"}
{"_birthDate":"1998-09-12","_email":"aalejandrozuleta23@gmail.com","_identification":"1004960510","_lastName":"Zuleta","_name":"Geraldine","_password":"Contraseña@123","_phone":"3218957375","level":"info","message":"Datos del userDto:","timestamp":"2024-09-24T02:34:24.461Z"}
{"email":"aalejandrozuleta23@gmail.com","level":"info","message":"Usuario creado exitosamente","timestamp":"2024-09-24T02:34:25.176Z"}
{"level":"info","message":"Método: POST | URL: /lender/register | Estado: 201","timestamp":"2024-09-24T02:34:25.178Z"}
{"_birthDate":"1998-09-12","_email":"aalejandrozuleta23@gmail.com","_identification":"1004960510","_lastName":"Zuleta","_name":"Geraldine","_password":"Contraseña@123","_phone":"3218957375","level":"info","message":"Datos del userDto:","timestamp":"2024-09-24T02:41:48.099Z"}
{"email":"aalejandrozuleta23@gmail.com","level":"info","message":"Usuario creado exitosamente","timestamp":"2024-09-24T02:41:48.736Z"}
{"level":"info","message":"Método: POST | URL: /lender/register | Estado: 201","timestamp":"2024-09-24T02:41:48.738Z"}
{"_birthDate":"1998-09-12","_email":"aalejandrozuleta23@gmail.com","_identification":"1004960510","_lastName":"Zuleta","_name":"Geraldine","_password":"Contraseña@123","_phone":"3218957375","level":"info","message":"Datos del userDto:","timestamp":"2024-09-24T02:44:57.009Z"}
{"error":"El usuario ya existe","level":"error","message":"Error al registrar usuario","timestamp":"2024-09-24T02:44:57.020Z"}
{"level":"info","message":"Método: POST | URL: /lender/register | Estado: 500","timestamp":"2024-09-24T02:44:57.024Z"}
{"_birthDate":"1998-09-12","_email":"aalejandrozuleta23@gmail.com","_identification":"1004960510","_lastName":"Zuleta","_name":"Geraldine","_password":"Contraseña@123","_phone":"3218957375","level":"info","message":"Datos del userDto:","timestamp":"2024-09-24T02:45:08.469Z"}
{"email":"aalejandrozuleta23@gmail.com","level":"info","message":"Usuario creado exitosamente","timestamp":"2024-09-24T02:45:09.316Z"}
{"level":"info","message":"Método: POST | URL: /lender/register | Estado: 201","timestamp":"2024-09-24T02:45:09.319Z"}
{"_birthDate":"1998-09-12","_email":"aalejandrozuleta23@gmail.com","_identification":"1004960510","_lastName":"Zuleta","_name":"Geraldine","_password":"Contraseña@123","_phone":"3218957375","level":"info","message":"Datos del userDto:","timestamp":"2024-09-24T02:49:40.348Z"}
{"email":"aalejandrozuleta23@gmail.com","level":"info","message":"Usuario creado exitosamente","timestamp":"2024-09-24T02:49:40.977Z"}
{"level":"info","message":"Método: POST | URL: /lender/register | Estado: 201","timestamp":"2024-09-24T02:49:40.980Z"}
{"_birthDate":"1998-09-12","_email":"valenciazuletaj@gmail.com","_identification":"1004960510","_lastName":"Zuleta","_name":"Geraldine","_password":"Contraseña@123","_phone":"3218957375","level":"info","message":"Datos del userDto:","timestamp":"2024-09-24T02:50:10.125Z"}
{"email":"valenciazuletaj@gmail.com","level":"info","message":"Usuario creado exitosamente","timestamp":"2024-09-24T02:50:10.796Z"}
{"level":"info","message":"Método: POST | URL: /lender/register | Estado: 201","timestamp":"2024-09-24T02:50:10.801Z"}
{"_birthDate":"1998-09-12","_email":"valenciazuletaj@gmail.com","_identification":"1004960510","_lastName":"Zuleta","_name":"Geraldine","_password":"Contraseña@123","_phone":"3218957375","level":"info","message":"Datos del userDto:","timestamp":"2024-09-24T02:53:11.345Z"}
{"email":"valenciazuletaj@gmail.com","level":"info","message":"Usuario creado exitosamente","timestamp":"2024-09-24T02:53:12.185Z"}
{"level":"info","message":"Método: POST | URL: /lender/register | Estado: 201","timestamp":"2024-09-24T02:53:12.187Z"}
{"_birthDate":"1998-09-12","_email":"valenciazuletaj@gmail.com","_identification":"1004960510","_lastName":"Zuleta","_name":"Geraldine","_password":"Contraseña@123","_phone":"3218957375","level":"info","message":"Datos del userDto:","timestamp":"2024-09-24T02:53:54.855Z"}
{"email":"valenciazuletaj@gmail.com","level":"info","message":"Usuario creado exitosamente","timestamp":"2024-09-24T02:53:55.555Z"}
{"level":"info","message":"Método: POST | URL: /lender/register | Estado: 201","timestamp":"2024-09-24T02:53:55.558Z"}
{"errors":[{"location":"body","msg":"La fecha de nacimiento no es válida","path":"birthDate","type":"field","value":"2005-23-06"}],"level":"warn","message":"Validación fallida","timestamp":"2024-10-05T01:09:08.402Z"}
{"level":"info","message":"Método: POST | URL: /lender/register | Estado: 400","timestamp":"2024-10-05T01:09:08.419Z"}
{"_birthDate":"2005-06-23","_email":"jhoitan266@gmail.com","_identification":"1092851497","_lastName":"Zuleta","_name":"Alejandro","_password":"Contraseña@123","_phone":"3218957375","level":"info","message":"Datos del userDto:","timestamp":"2024-10-05T01:09:20.654Z"}
{"error":"Error enviando correo","level":"error","message":"Error al registrar usuario","timestamp":"2024-10-05T01:09:21.648Z"}
{"level":"info","message":"Método: POST | URL: /lender/register | Estado: 500","timestamp":"2024-10-05T01:09:21.652Z"}
{"_birthDate":"2005-06-23","_email":"jhoitan266@gmail.com","_identification":"1092851497","_lastName":"Zuleta","_name":"Alejandro","_password":"Contraseña@123","_phone":"3218957375","level":"info","message":"Datos del userDto:","timestamp":"2024-10-05T01:12:14.458Z"}
{"email":"jhoitan266@gmail.com","level":"info","message":"Usuario creado exitosamente","timestamp":"2024-10-05T01:12:15.235Z"}
{"level":"info","message":"Método: POST | URL: /lender/register | Estado: 201","timestamp":"2024-10-05T01:12:15.239Z"}
