{"error":"Lender validation failed: password: Path `password` is required., email: Path `email` is required., phone: Path `phone` is required., birthDate: Path `birthDate` is required., identification: Path `identification` is required., lastName: Path `lastName` is required., name: Path `name` is required.","level":"error","message":"Error al registrar usuario","timestamp":"2024-09-22T05:18:37.033Z"}
{"error":"Lender validation failed: password: Path `password` is required., email: Path `email` is required., phone: Path `phone` is required., birthDate: Path `birthDate` is required., identification: Path `identification` is required., lastName: Path `lastName` is required., name: Path `name` is required.","level":"error","message":"Error al registrar usuario","timestamp":"2024-09-22T05:19:49.713Z"}
{"error":"Lender validation failed: password: Path `password` is required., email: Path `email` is required., phone: Path `phone` is required., birthDate: Path `birthDate` is required., identification: Path `identification` is required., lastName: Path `lastName` is required., name: Path `name` is required.","level":"error","message":"Error al registrar usuario","timestamp":"2024-09-22T05:23:28.557Z"}
{"error":"Lender validation failed: password: Path `password` is required., email: Path `email` is required., phone: Path `phone` is required., birthDate: Path `birthDate` is required., identification: Path `identification` is required., lastName: Path `lastName` is required., name: Path `name` is required.","level":"error","message":"Error al registrar usuario","timestamp":"2024-09-22T05:24:07.189Z"}
{"error":"Lender validation failed: password: Path `password` is required., email: Path `email` is required., phone: Path `phone` is required., birthDate: Path `birthDate` is required., identification: Path `identification` is required., lastName: Path `lastName` is required., name: Path `name` is required.","level":"error","message":"Error al registrar usuario","timestamp":"2024-09-22T05:24:29.565Z"}
{"error":"Lender validation failed: password: Path `password` is required., email: Path `email` is required., phone: Path `phone` is required., birthDate: Path `birthDate` is required., identification: Path `identification` is required., lastName: Path `lastName` is required., name: Path `name` is required.","level":"error","message":"Error al registrar usuario","timestamp":"2024-09-22T05:27:00.172Z"}
{"error":"Lender validation failed: password: Path `password` is required., email: Path `email` is required., phone: Path `phone` is required., birthDate: Path `birthDate` is required., identification: Path `identification` is required., lastName: Path `lastName` is required., name: Path `name` is required.","level":"error","message":"Error al registrar usuario","timestamp":"2024-09-22T05:28:26.902Z"}
{"error":"Lender validation failed: password: Path `password` is required., email: Path `email` is required., phone: Path `phone` is required., birthDate: Path `birthDate` is required., identification: Path `identification` is required., lastName: Path `lastName` is required., name: Path `name` is required.","level":"error","message":"Error al registrar usuario","timestamp":"2024-09-22T05:29:33.578Z"}
{"error":"Lender validation failed: password: Path `password` is required., email: Path `email` is required., phone: Path `phone` is required., birthDate: Path `birthDate` is required., identification: Path `identification` is required., lastName: Path `lastName` is required., name: Path `name` is required.","level":"error","message":"Error al registrar usuario","timestamp":"2024-09-22T05:30:27.791Z"}
{"error":"Lender validation failed: password: Path `password` is required., email: Path `email` is required., phone: Path `phone` is required., birthDate: Path `birthDate` is required., identification: Path `identification` is required., lastName: Path `lastName` is required., name: Path `name` is required.","level":"error","message":"Error al registrar usuario","timestamp":"2024-09-22T05:31:20.888Z"}
{"error":"E11000 duplicate key error collection: auth-service.lenders index: identification_1 dup key: { identification: null }","level":"error","message":"Error al registrar usuario","timestamp":"2024-09-22T05:34:30.704Z"}
{"error":"E11000 duplicate key error collection: auth-service.lenders index: identification_1 dup key: { identification: null }","level":"error","message":"Error al registrar usuario","timestamp":"2024-09-22T05:35:06.511Z"}
{"error":"E11000 duplicate key error collection: auth-service.lenders index: identification_1 dup key: { identification: null }","level":"error","message":"Error al registrar usuario","timestamp":"2024-09-22T05:38:56.701Z"}
{"error":"El usuario ya existe","level":"error","message":"Error al registrar usuario","timestamp":"2024-09-22T05:39:55.936Z"}
{"error":"El usuario ya existe","level":"error","message":"Error al registrar usuario","timestamp":"2024-09-22T07:24:05.864Z"}
{"error":"El usuario ya existe","level":"error","message":"Error al registrar usuario","timestamp":"2024-09-22T07:32:32.599Z"}
{"error":"El usuario ya existe","level":"error","message":"Error al registrar usuario","timestamp":"2024-09-22T19:06:01.356Z"}
{"error":"El usuario ya existe","level":"error","message":"Error al registrar usuario","timestamp":"2024-09-22T19:07:29.388Z"}
{"error":"El usuario ya existe","level":"error","message":"Error al registrar usuario","timestamp":"2024-09-22T19:15:35.172Z"}
{"error":"E11000 duplicate key error collection: auth-service.lenders index: identification_1 dup key: { identification: null }","level":"error","message":"Error al registrar usuario","timestamp":"2024-09-22T19:16:14.507Z"}
{"error":"E11000 duplicate key error collection: auth-service.lenders index: identification_1 dup key: { identification: null }","level":"error","message":"Error al registrar usuario","timestamp":"2024-09-22T19:16:28.206Z"}
{"error":"E11000 duplicate key error collection: auth-service.lenders index: identification_1 dup key: { identification: null }","level":"error","message":"Error al registrar usuario","timestamp":"2024-09-22T19:16:45.114Z"}
{"error":"E11000 duplicate key error collection: auth-service.lenders index: identification_1 dup key: { identification: null }","level":"error","message":"Error al registrar usuario","timestamp":"2024-09-22T19:21:24.545Z"}
{"error":"E11000 duplicate key error collection: auth-service.lenders index: identification_1 dup key: { identification: null }","level":"error","message":"Error al registrar usuario","timestamp":"2024-09-22T19:21:45.351Z"}
{"error":"Lender validation failed: password: Path `password` is required., email: Path `email` is required., phone: Path `phone` is required., birthDate: Path `birthDate` is required., identification: Path `identification` is required., lastName: Path `lastName` is required., name: Path `name` is required.","level":"error","message":"Error al registrar usuario","timestamp":"2024-09-22T19:26:06.604Z"}
{"error":"Lender validation failed: password: Path `password` is required., email: Path `email` is required., phone: Path `phone` is required., birthDate: Path `birthDate` is required., identification: Path `identification` is required., lastName: Path `lastName` is required., name: Path `name` is required.","level":"error","message":"Error al registrar usuario","timestamp":"2024-09-22T19:27:22.794Z"}
{"error":"El usuario ya existe","level":"error","message":"Error al registrar usuario","timestamp":"2024-09-22T19:29:56.872Z"}
{"error":"Usuario no encontrado","level":"error","message":"Error al registrar usuario","timestamp":"2024-09-22T20:42:04.380Z"}
{"error":"Contraseña incorrecta","level":"error","message":"Error al registrar usuario","timestamp":"2024-09-22T21:22:38.616Z"}
{"error":"Contraseña incorrecta","level":"error","message":"Error al registrar usuario","timestamp":"2024-09-22T21:23:18.979Z"}
{"error":"Contraseña incorrecta","level":"error","message":"Error al registrar usuario","timestamp":"2024-09-23T01:39:06.946Z"}
{"error":"Contraseña incorrecta","level":"error","message":"Error al registrar usuario","timestamp":"2024-09-23T01:39:09.685Z"}
{"error":"Contraseña incorrecta","level":"error","message":"Error al registrar usuario","timestamp":"2024-09-23T01:39:10.880Z"}
{"error":"Contraseña incorrecta","level":"error","message":"Error al registrar usuario","timestamp":"2024-09-23T01:39:11.944Z"}
{"error":"Demasiados intentos fallidos. Por favor, inténtelo de nuevo más tarde.","level":"error","message":"Error al registrar usuario","timestamp":"2024-09-23T01:39:12.616Z"}
{"error":"Error enviando correo","level":"error","message":"Error al registrar usuario","timestamp":"2024-09-23T19:13:22.291Z"}
{"error":"El usuario ya existe","level":"error","message":"Error al registrar usuario","timestamp":"2024-09-23T19:19:01.111Z"}
{"error":"Error enviando correo","level":"error","message":"Error al registrar usuario","timestamp":"2024-09-23T19:19:18.461Z"}
{"error":"Error enviando correo","level":"error","message":"Error al registrar usuario","timestamp":"2024-09-23T19:21:03.057Z"}
{"error":"Error enviando correo","level":"error","message":"Error al registrar usuario","timestamp":"2024-09-23T19:22:55.069Z"}
{"error":"Error enviando correo","level":"error","message":"Error al registrar usuario","timestamp":"2024-09-23T19:29:03.656Z"}
{"error":"Error enviando correo","level":"error","message":"Error al registrar usuario","timestamp":"2024-09-23T19:31:09.976Z"}
{"error":"Error enviando correo","level":"error","message":"Error al registrar usuario","timestamp":"2024-09-23T19:32:46.765Z"}
{"error":"Error enviando correo","level":"error","message":"Error al registrar usuario","timestamp":"2024-09-23T19:34:09.629Z"}
{"error":"Error enviando correo","level":"error","message":"Error al registrar usuario","timestamp":"2024-09-23T19:41:39.485Z"}
{"error":"Error enviando correo","level":"error","message":"Error al registrar usuario","timestamp":"2024-09-23T19:42:54.066Z"}
{"error":"Error enviando correo","level":"error","message":"Error al registrar usuario","timestamp":"2024-09-23T19:43:25.703Z"}
{"error":"Error enviando correo","level":"error","message":"Error al registrar usuario","timestamp":"2024-09-23T19:44:19.562Z"}
{"error":"Error enviando correo","level":"error","message":"Error al registrar usuario","timestamp":"2024-09-23T19:44:22.860Z"}
{"error":"Error enviando correo","level":"error","message":"Error al registrar usuario","timestamp":"2024-09-23T19:44:38.272Z"}
{"error":"Error enviando correo","level":"error","message":"Error al registrar usuario","timestamp":"2024-09-23T19:45:37.848Z"}
{"error":"Error enviando correo","level":"error","message":"Error al registrar usuario","timestamp":"2024-09-23T19:45:55.649Z"}
{"error":"Error enviando correo","level":"error","message":"Error al registrar usuario","timestamp":"2024-09-23T19:49:49.254Z"}
{"error":"Error enviando correo","level":"error","message":"Error al registrar usuario","timestamp":"2024-09-23T19:51:17.287Z"}
{"error":"Error enviando correo","level":"error","message":"Error al registrar usuario","timestamp":"2024-09-23T19:52:01.482Z"}
{"error":"Error enviando correo","level":"error","message":"Error al registrar usuario","timestamp":"2024-09-23T19:54:56.825Z"}
{"error":"Error enviando correo","level":"error","message":"Error al registrar usuario","timestamp":"2024-09-23T19:58:08.973Z"}
{"error":"Error enviando correo","level":"error","message":"Error al registrar usuario","timestamp":"2024-09-23T19:59:14.471Z"}
{"error":"Error enviando correo","level":"error","message":"Error al registrar usuario","timestamp":"2024-09-23T19:59:58.329Z"}
{"error":"Error enviando correo","level":"error","message":"Error al registrar usuario","timestamp":"2024-09-23T20:00:57.002Z"}
{"error":"Error enviando correo","level":"error","message":"Error al registrar usuario","timestamp":"2024-09-23T20:02:12.087Z"}
{"error":"Error enviando correo","level":"error","message":"Error al registrar usuario","timestamp":"2024-09-23T20:02:37.751Z"}
{"error":"Error enviando correo","level":"error","message":"Error al registrar usuario","timestamp":"2024-09-23T20:08:06.552Z"}
{"error":"Error enviando correo","level":"error","message":"Error al registrar usuario","timestamp":"2024-09-23T20:10:48.958Z"}
{"error":"Error enviando correo","level":"error","message":"Error al registrar usuario","timestamp":"2024-09-23T20:24:59.701Z"}
{"error":"Error enviando correo","level":"error","message":"Error al registrar usuario","timestamp":"2024-09-23T20:29:38.655Z"}
{"error":"Error enviando correo","level":"error","message":"Error al registrar usuario","timestamp":"2024-09-23T20:31:34.847Z"}
{"error":"Error enviando correo","level":"error","message":"Error al registrar usuario","timestamp":"2024-09-23T20:32:17.489Z"}
{"error":"Error enviando correo","level":"error","message":"Error al registrar usuario","timestamp":"2024-09-23T20:32:26.036Z"}
{"error":"Error enviando correo","level":"error","message":"Error al registrar usuario","timestamp":"2024-09-23T20:35:42.494Z"}
{"error":"Error enviando correo","level":"error","message":"Error al registrar usuario","timestamp":"2024-09-23T20:36:29.280Z"}
{"error":"Error enviando correo","level":"error","message":"Error al registrar usuario","timestamp":"2024-09-24T01:40:33.372Z"}
{"error":"Error enviando correo","level":"error","message":"Error al registrar usuario","timestamp":"2024-09-24T01:41:48.308Z"}
{"error":"Error enviando correo","level":"error","message":"Error al registrar usuario","timestamp":"2024-09-24T01:42:56.125Z"}
{"error":"Error enviando correo","level":"error","message":"Error al registrar usuario","timestamp":"2024-09-24T01:44:44.557Z"}
{"error":"Error enviando correo","level":"error","message":"Error al registrar usuario","timestamp":"2024-09-24T01:45:54.068Z"}
{"error":"Error enviando correo","level":"error","message":"Error al registrar usuario","timestamp":"2024-09-24T01:47:55.529Z"}
{"error":"Error enviando correo","level":"error","message":"Error al registrar usuario","timestamp":"2024-09-24T01:49:44.796Z"}
{"error":"Error enviando correo","level":"error","message":"Error al registrar usuario","timestamp":"2024-09-24T01:53:08.981Z"}
{"error":"Error enviando correo","level":"error","message":"Error al registrar usuario","timestamp":"2024-09-24T01:57:28.423Z"}
{"error":"Error enviando correo","level":"error","message":"Error al registrar usuario","timestamp":"2024-09-24T01:58:43.879Z"}
{"error":"Error enviando correo","level":"error","message":"Error al registrar usuario","timestamp":"2024-09-24T02:00:35.449Z"}
{"error":"Error enviando correo","level":"error","message":"Error al registrar usuario","timestamp":"2024-09-24T02:03:21.586Z"}
{"error":"Error enviando correo","level":"error","message":"Error al registrar usuario","timestamp":"2024-09-24T02:03:28.638Z"}
{"error":"Error enviando correo","level":"error","message":"Error al registrar usuario","timestamp":"2024-09-24T02:05:18.010Z"}
{"error":"Error enviando correo","level":"error","message":"Error al registrar usuario","timestamp":"2024-09-24T02:06:43.589Z"}
{"error":"Error enviando correo","level":"error","message":"Error al registrar usuario","timestamp":"2024-09-24T02:22:57.094Z"}
{"error":"El usuario ya existe","level":"error","message":"Error al registrar usuario","timestamp":"2024-09-24T02:44:57.020Z"}
{"error":"Error enviando correo","level":"error","message":"Error al registrar usuario","timestamp":"2024-10-05T01:09:21.648Z"}
